Sep 25, 2013 9:07:07 AM org.olap4j.driver.olap4ld.Olap4ldDriver connect
INFO: Olap4LdDriver to connect...
Sep 25, 2013 9:07:07 AM org.olap4j.driver.olap4ld.Olap4ldConnection getOlapDatabases
CONFIG: Metadata object getOlapDatabases()...
Sep 25, 2013 9:07:07 AM org.olap4j.driver.olap4ld.Olap4ldDatabase getCatalogs
CONFIG: Metadata object getCatalogs()...
Sep 25, 2013 9:07:07 AM org.olap4j.driver.olap4ld.Olap4ldDatabase getCatalogs
CONFIG: Metadata object getCatalogs()...
Sep 25, 2013 9:07:07 AM org.olap4j.driver.olap4ld.Olap4ldConnection getOlapDatabases
CONFIG: Metadata object getOlapDatabases()...
Sep 25, 2013 9:07:07 AM org.olap4j.driver.olap4ld.Olap4ldDatabase getCatalogs
CONFIG: Metadata object getCatalogs()...
Sep 25, 2013 9:07:07 AM org.olap4j.driver.olap4ld.Olap4ldCatalog getSchemas
CONFIG: Metadata object getSchemas()...
Sep 25, 2013 9:07:07 AM org.olap4j.driver.olap4ld.Olap4ldSchema getCubes
CONFIG: Schema.getCubes()...
Sep 25, 2013 9:07:07 AM org.olap4j.driver.olap4ld.linkeddata.EmbeddedSesameEngine askForLocation
CONFIG: Ask for location: http://olap4ld.googlecode.com/git/OLAP4LD-trunk/tests/ssb001/ttl/example.ttl#ds...
Sep 25, 2013 9:07:08 AM org.olap4j.driver.olap4ld.linkeddata.EmbeddedSesameEngine askForLocation
CONFIG: ... result: http://olap4ld.googlecode.com/git/OLAP4LD-trunk/tests/ssb001/ttl/example.ttl
Sep 25, 2013 9:07:08 AM org.olap4j.driver.olap4ld.linkeddata.EmbeddedSesameEngine loadInStore
INFO: Load in store: http://olap4ld.googlecode.com/git/OLAP4LD-trunk/tests/ssb001/ttl/example.ttl
Sep 25, 2013 9:07:08 AM org.olap4j.driver.olap4ld.linkeddata.EmbeddedSesameEngine loadInStore
INFO: File size: -1
Sep 25, 2013 9:07:08 AM org.olap4j.driver.olap4ld.Olap4ldUtil getFreeMemory
CONFIG: ##### Heap utilization statistics [MB] #####
Sep 25, 2013 9:07:08 AM org.olap4j.driver.olap4ld.Olap4ldUtil getFreeMemory
CONFIG: Used Memory:1
Sep 25, 2013 9:07:08 AM org.olap4j.driver.olap4ld.Olap4ldUtil getFreeMemory
CONFIG: Free Memory:56
Sep 25, 2013 9:07:08 AM org.olap4j.driver.olap4ld.Olap4ldUtil getFreeMemory
CONFIG: Total Memory:58
Sep 25, 2013 9:07:08 AM org.olap4j.driver.olap4ld.Olap4ldUtil getFreeMemory
CONFIG: Max Memory:867
Sep 25, 2013 9:07:08 AM org.olap4j.driver.olap4ld.linkeddata.EmbeddedSesameEngine loadInStore
INFO: Current memory size: 59380120
Sep 25, 2013 9:07:08 AM org.olap4j.driver.olap4ld.linkeddata.EmbeddedSesameEngine loadInStore
CONFIG: Check loaded data (10 triples): select * where {?s ?p ?o}
Sep 25, 2013 9:07:08 AM org.olap4j.driver.olap4ld.linkeddata.EmbeddedSesameEngine sparql
CONFIG: SPARQL query: select * where {?s ?p ?o}
Sep 25, 2013 9:07:09 AM org.olap4j.driver.olap4ld.helper.Olap4ldLinkedDataUtil transformSparqlXmlToNx
CONFIG: ...applying xslt to transform xml to nx...
Sep 25, 2013 9:07:09 AM org.olap4j.driver.olap4ld.linkeddata.EmbeddedSesameEngine sparql
CONFIG: NX output: ?s ?p ?o .
<http://olap4ld.googlecode.com/git/OLAP4LD-trunk/tests/ssb001/ttl/example.ttl#ds> <http://www.w3.org/1999/02/22-rdf-syntax-ns#type> <http://purl.org/linked-data/cube#DataSet> .
<http://olap4ld.googlecode.com/git/OLAP4LD-trunk/tests/ssb001/ttl/example.ttl#ds> <http://www.w3.org/2000/01/rdf-schema#label> "Example Star Schema Benchmark Dataset"@en .
<http://olap4ld.googlecode.com/git/OLAP4LD-trunk/tests/ssb001/ttl/example.ttl#ds> <http://purl.org/linked-data/cube#structure> <http://olap4ld.googlecode.com/git/OLAP4LD-trunk/tests/ssb001/ttl/example.ttl#dsd> .
<http://olap4ld.googlecode.com/git/OLAP4LD-trunk/tests/ssb001/ttl/example.ttl#dsd> <http://www.w3.org/2000/01/rdf-schema#label> "Example Star Schema Benchmark Datastructuredefinition"@en .
<http://olap4ld.googlecode.com/git/OLAP4LD-trunk/tests/ssb001/ttl/example.ttl#dsd> <http://www.w3.org/1999/02/22-rdf-syntax-ns#type> <http://purl.org/linked-data/cube#DataStructureDefinition> .
_:node1859v2m3fx1 <http://purl.org/linked-data/cube#dimension> <http://olap4ld.googlecode.com/git/OLAP4LD-trunk/tests/ssb001/ttl/example.ttl#lo_orderdate> .
<http://olap4ld.googlecode.com/git/OLAP4LD-trunk/tests/ssb001/ttl/example.ttl#dsd> <http://purl.org/linked-data/cube#component> _:node1859v2m3fx1 .
_:node1859v2m3fx2 <http://purl.org/linked-data/cube#dimension> <http://olap4ld.googlecode.com/git/OLAP4LD-trunk/tests/ssb001/ttl/example.ttl#lo_custkey> .
<http://olap4ld.googlecode.com/git/OLAP4LD-trunk/tests/ssb001/ttl/example.ttl#dsd> <http://purl.org/linked-data/cube#component> _:node1859v2m3fx2 .
_:node1859v2m3fx3 <http://purl.org/linked-data/cube#dimension> <http://olap4ld.googlecode.com/git/OLAP4LD-trunk/tests/ssb001/ttl/example.ttl#lo_partkey> .
<http://olap4ld.googlecode.com/git/OLAP4LD-trunk/tests/ssb001/ttl/example.ttl#dsd> <http://purl.org/linked-data/cube#component> _:node1859v2m3fx3 .
_:node1859v2m3fx4 <http://purl.org/linked-data/cube#dimension> <http://olap4ld.googlecode.com/git/OLAP4LD-trunk/tests/ssb001/ttl/example.ttl#lo_suppkey> .
<http://olap4ld.googlecode.com/git/OLAP4LD-trunk/tests/ssb001/ttl/example.ttl#dsd> <http://purl.org/linked-data/cube#component> _:node1859v2m3fx4 .
_:node1859v2m3fx5 <http://purl.org/linked-data/cube#measure> <http://olap4ld.googlecode.com/git/OLAP4LD-trunk/tests/ssb001/ttl/example.ttl#lo_quantity> .
_:node1859v2m3fx5 <http://purl.org/olap#hasAggregateFunction> <http://purl.org/olap#sum> .
<http://olap4ld.googlecode.com/git/OLAP4LD-trunk/tests/ssb001/ttl/example.ttl#dsd> <http://purl.org/linked-data/cube#component> _:node1859v2m3fx5 .
_:node1859v2m3fx6 <http://purl.org/linked-data/cube#measure> <http://olap4ld.googlecode.com/git/OLAP4LD-trunk/tests/ssb001/ttl/example.ttl#lo_discount> .
_:node1859v2m3fx6 <http://purl.org/olap#hasAggregateFunction> <http://purl.org/olap#avg> .
<http://olap4ld.googlecode.com/git/OLAP4LD-trunk/tests/ssb001/ttl/example.ttl#dsd> <http://purl.org/linked-data/cube#component> _:node1859v2m3fx6 .
_:node1859v2m3fx7 <http://purl.org/linked-data/cube#measure> <http://olap4ld.googlecode.com/git/OLAP4LD-trunk/tests/ssb001/ttl/example.ttl#lo_extendedprice> .
_:node1859v2m3fx7 <http://purl.org/olap#hasAggregateFunction> <http://purl.org/olap#sum> .
<http://olap4ld.googlecode.com/git/OLAP4LD-trunk/tests/ssb001/ttl/example.ttl#dsd> <http://purl.org/linked-data/cube#component> _:node1859v2m3fx7 .
_:node1859v2m3fx8 <http://purl.org/linked-data/cube#measure> <http://olap4ld.googlecode.com/git/OLAP4LD-trunk/tests/ssb001/ttl/example.ttl#lo_revenue> .
_:node1859v2m3fx8 <http://purl.org/olap#hasAggregateFunction> <http://purl.org/olap#sum> .
<http://olap4ld.googlecode.com/git/OLAP4LD-trunk/tests/ssb001/ttl/example.ttl#dsd> <http://purl.org/linked-data/cube#component> _:node1859v2m3fx8 .
_:node1859v2m3fx9 <http://purl.org/linked-data/cube#measure> <http://olap4ld.googlecode.com/git/OLAP4LD-trunk/tests/ssb001/ttl/example.ttl#lo_supplycost> .
_:node1859v2m3fx9 <http://purl.org/olap#hasAggregateFunction> <http://purl.org/olap#sum> .
<http://olap4ld.googlecode.com/git/OLAP4LD-trunk/tests/ssb001/ttl/example.ttl#dsd> <http://purl.org/linked-data/cube#component> _:node1859v2m3fx9 .
<http://olap4ld.googlecode.com/git/OLAP4LD-trunk/tests/ssb001/ttl/example.ttl#lo_orderdate> <http://www.w3.org/1999/02/22-rdf-syntax-ns#type> <http://www.w3.org/1999/02/22-rdf-syntax-ns#Property> .
<http://olap4ld.googlecode.com/git/OLAP4LD-trunk/tests/ssb001/ttl/example.ttl#lo_orderdate> <http://www.w3.org/1999/02/22-rdf-syntax-ns#type> <http://purl.org/linked-data/cube#DimensionProperty> .
<http://olap4ld.googlecode.com/git/OLAP4LD-trunk/tests/ssb001/ttl/example.ttl#lo_orderdate> <http://www.w3.org/2000/01/rdf-schema#label> "orderdate"@en .
<http://olap4ld.googlecode.com/git/OLAP4LD-trunk/tests/ssb001/ttl/example.ttl#lo_orderdate> <http://www.w3.org/2000/01/rdf-schema#range> <http://www.w3.org/2004/02/skos/core#Concept> .
<http://olap4ld.googlecode.com/git/OLAP4LD-trunk/tests/ssb001/ttl/example.ttl#lo_orderdate> <http://purl.org/linked-data/cube#codeList> <http://olap4ld.googlecode.com/git/OLAP4LD-trunk/tests/ssb001/ttl/example.ttl#lo_orderdateCodeList> .
<http://olap4ld.googlecode.com/git/OLAP4LD-trunk/tests/ssb001/ttl/example.ttl#lo_custkey> <http://www.w3.org/1999/02/22-rdf-syntax-ns#type> <http://www.w3.org/1999/02/22-rdf-syntax-ns#Property> .
<http://olap4ld.googlecode.com/git/OLAP4LD-trunk/tests/ssb001/ttl/example.ttl#lo_custkey> <http://www.w3.org/1999/02/22-rdf-syntax-ns#type> <http://purl.org/linked-data/cube#DimensionProperty> .
<http://olap4ld.googlecode.com/git/OLAP4LD-trunk/tests/ssb001/ttl/example.ttl#lo_custkey> <http://www.w3.org/2000/01/rdf-schema#label> "custkey"@en .
<http://olap4ld.googlecode.com/git/OLAP4LD-trunk/tests/ssb001/ttl/example.ttl#lo_custkey> <http://www.w3.org/2000/01/rdf-schema#range> <http://www.w3.org/2004/02/skos/core#Concept> .
<http://olap4ld.googlecode.com/git/OLAP4LD-trunk/tests/ssb001/ttl/example.ttl#lo_custkey> <http://purl.org/linked-data/cube#codeList> <http://olap4ld.googlecode.com/git/OLAP4LD-trunk/tests/ssb001/ttl/example.ttl#lo_custkeyCodeList> .
<http://olap4ld.googlecode.com/git/OLAP4LD-trunk/tests/ssb001/ttl/example.ttl#lo_partkey> <http://www.w3.org/1999/02/22-rdf-syntax-ns#type> <http://www.w3.org/1999/02/22-rdf-syntax-ns#Property> .
<http://olap4ld.googlecode.com/git/OLAP4LD-trunk/tests/ssb001/ttl/example.ttl#lo_partkey> <http://www.w3.org/1999/02/22-rdf-syntax-ns#type> <http://purl.org/linked-data/cube#DimensionProperty> .
<http://olap4ld.googlecode.com/git/OLAP4LD-trunk/tests/ssb001/ttl/example.ttl#lo_partkey> <http://www.w3.org/2000/01/rdf-schema#label> "partkey"@en .
<http://olap4ld.googlecode.com/git/OLAP4LD-trunk/tests/ssb001/ttl/example.ttl#lo_partkey> <http://www.w3.org/2000/01/rdf-schema#range> <http://www.w3.org/2004/02/skos/core#Concept> .
<http://olap4ld.googlecode.com/git/OLAP4LD-trunk/tests/ssb001/ttl/example.ttl#lo_partkey> <http://purl.org/linked-data/cube#codeList> <http://olap4ld.googlecode.com/git/OLAP4LD-trunk/tests/ssb001/ttl/example.ttl#lo_partkeyCodeList> .
<http://olap4ld.googlecode.com/git/OLAP4LD-trunk/tests/ssb001/ttl/example.ttl#lo_suppkey> <http://www.w3.org/1999/02/22-rdf-syntax-ns#type> <http://www.w3.org/1999/02/22-rdf-syntax-ns#Property> .
<http://olap4ld.googlecode.com/git/OLAP4LD-trunk/tests/ssb001/ttl/example.ttl#lo_suppkey> <http://www.w3.org/1999/02/22-rdf-syntax-ns#type> <http://purl.org/linked-data/cube#DimensionProperty> .
<http://olap4ld.googlecode.com/git/OLAP4LD-trunk/tests/ssb001/ttl/example.ttl#lo_suppkey> <http://www.w3.org/2000/01/rdf-schema#label> "suppkey"@en .
<http://olap4ld.googlecode.com/git/OLAP4LD-trunk/tests/ssb001/ttl/example.ttl#lo_suppkey> <http://www.w3.org/2000/01/rdf-schema#range> <http://www.w3.org/2004/02/skos/core#Concept> .
<http://olap4ld.googlecode.com/git/OLAP4LD-trunk/tests/ssb001/ttl/example.ttl#lo_suppkey> <http://purl.org/linked-data/cube#codeList> <http://olap4ld.googlecode.com/git/OLAP4LD-trunk/tests/ssb001/ttl/example.ttl#lo_suppkeyCodeList> .
<http://olap4ld.googlecode.com/git/OLAP4LD-trunk/tests/ssb001/ttl/example.ttl#lo_quantity> <http://www.w3.org/1999/02/22-rdf-syntax-ns#type> <http://www.w3.org/1999/02/22-rdf-syntax-ns#Property> .
<http://olap4ld.googlecode.com/git/OLAP4LD-trunk/tests/ssb001/ttl/example.ttl#lo_quantity> <http://www.w3.org/1999/02/22-rdf-syntax-ns#type> <http://purl.org/linked-data/cube#MeasureProperty> .
<http://olap4ld.googlecode.com/git/OLAP4LD-trunk/tests/ssb001/ttl/example.ttl#lo_quantity> <http://www.w3.org/2000/01/rdf-schema#label> "quantity"@en .
<http://olap4ld.googlecode.com/git/OLAP4LD-trunk/tests/ssb001/ttl/example.ttl#lo_quantity> <http://www.w3.org/2000/01/rdf-schema#subPropertyOf> <http://purl.org/linked-data/sdmx/2009/measure#obsValue> .
<http://olap4ld.googlecode.com/git/OLAP4LD-trunk/tests/ssb001/ttl/example.ttl#lo_quantity> <http://www.w3.org/2000/01/rdf-schema#range> <http://www.w3.org/2001/XMLSchema#decimal> .
<http://olap4ld.googlecode.com/git/OLAP4LD-trunk/tests/ssb001/ttl/example.ttl#lo_discount> <http://www.w3.org/1999/02/22-rdf-syntax-ns#type> <http://www.w3.org/1999/02/22-rdf-syntax-ns#Property> .
<http://olap4ld.googlecode.com/git/OLAP4LD-trunk/tests/ssb001/ttl/example.ttl#lo_discount> <http://www.w3.org/1999/02/22-rdf-syntax-ns#type> <http://purl.org/linked-data/cube#MeasureProperty> .
<http://olap4ld.googlecode.com/git/OLAP4LD-trunk/tests/ssb001/ttl/example.ttl#lo_discount> <http://www.w3.org/2000/01/rdf-schema#label> "discount"@en .
<http://olap4ld.googlecode.com/git/OLAP4LD-trunk/tests/ssb001/ttl/example.ttl#lo_discount> <http://www.w3.org/2000/01/rdf-schema#subPropertyOf> <http://purl.org/linked-data/sdmx/2009/measure#obsValue> .
<http://olap4ld.googlecode.com/git/OLAP4LD-trunk/tests/ssb001/ttl/example.ttl#lo_discount> <http://www.w3.org/2000/01/rdf-schema#range> <http://www.w3.org/2001/XMLSchema#decimal> .
<http://olap4ld.googlecode.com/git/OLAP4LD-trunk/tests/ssb001/ttl/example.ttl#lo_extendedprice> <http://www.w3.org/1999/02/22-rdf-syntax-ns#type> <http://www.w3.org/1999/02/22-rdf-syntax-ns#Property> .
<http://olap4ld.googlecode.com/git/OLAP4LD-trunk/tests/ssb001/ttl/example.ttl#lo_extendedprice> <http://www.w3.org/1999/02/22-rdf-syntax-ns#type> <http://purl.org/linked-data/cube#MeasureProperty> .
<http://olap4ld.googlecode.com/git/OLAP4LD-trunk/tests/ssb001/ttl/example.ttl#lo_extendedprice> <http://www.w3.org/2000/01/rdf-schema#label> "extendedprice"@en .
<http://olap4ld.googlecode.com/git/OLAP4LD-trunk/tests/ssb001/ttl/example.ttl#lo_extendedprice> <http://www.w3.org/2000/01/rdf-schema#subPropertyOf> <http://purl.org/linked-data/sdmx/2009/measure#obsValue> .
<http://olap4ld.googlecode.com/git/OLAP4LD-trunk/tests/ssb001/ttl/example.ttl#lo_extendedprice> <http://www.w3.org/2000/01/rdf-schema#range> <http://www.w3.org/2001/XMLSchema#decimal> .
<http://olap4ld.googlecode.com/git/OLAP4LD-trunk/tests/ssb001/ttl/example.ttl#lo_revenue> <http://www.w3.org/1999/02/22-rdf-syntax-ns#type> <http://www.w3.org/1999/02/22-rdf-syntax-ns#Property> .
<http://olap4ld.googlecode.com/git/OLAP4LD-trunk/tests/ssb001/ttl/example.ttl#lo_revenue> <http://www.w3.org/1999/02/22-rdf-syntax-ns#type> <http://purl.org/linked-data/cube#MeasureProperty> .
<http://olap4ld.googlecode.com/git/OLAP4LD-trunk/tests/ssb001/ttl/example.ttl#lo_revenue> <http://www.w3.org/2000/01/rdf-schema#label> "revenue"@en .
<http://olap4ld.googlecode.com/git/OLAP4LD-trunk/tests/ssb001/ttl/example.ttl#lo_revenue> <http://www.w3.org/2000/01/rdf-schema#subPropertyOf> <http://purl.org/linked-data/sdmx/2009/measure#obsValue> .
<http://olap4ld.googlecode.com/git/OLAP4LD-trunk/tests/ssb001/ttl/example.ttl#lo_revenue> <http://www.w3.org/2000/01/rdf-schema#range> <http://www.w3.org/2001/XMLSchema#decimal> .
<http://olap4ld.googlecode.com/git/OLAP4LD-trunk/tests/ssb001/ttl/example.ttl#lo_supplycost> <http://www.w3.org/1999/02/22-rdf-syntax-ns#type> <http://www.w3.org/1999/02/22-rdf-syntax-ns#Property> .
<http://olap4ld.googlecode.com/git/OLAP4LD-trunk/tests/ssb001/ttl/example.ttl#lo_supplycost> <http://www.w3.org/1999/02/22-rdf-syntax-ns#type> <http://purl.org/linked-data/cube#MeasureProperty> .
<http://olap4ld.googlecode.com/git/OLAP4LD-trunk/tests/ssb001/ttl/example.ttl#lo_supplycost> <http://www.w3.org/2000/01/rdf-schema#label> "supplycost"@en .
<http://olap4ld.googlecode.com/git/OLAP4LD-trunk/tests/ssb001/ttl/example.ttl#lo_supplycost> <http://www.w3.org/2000/01/rdf-schema#subPropertyOf> <http://purl.org/linked-data/sdmx/2009/measure#obsValue> .
<http://olap4ld.googlecode.com/git/OLAP4LD-trunk/tests/ssb001/ttl/example.ttl#lo_supplycost> <http://www.w3.org/2000/01/rdf-schema#range> <http://www.w3.org/2001/XMLSchema#decimal> .
<http://olap4ld.googlecode.com/git/OLAP4LD-trunk/tests/ssb001/ttl/example.ttl#lo_orderdateCodeList> <http://www.w3.org/1999/02/22-rdf-syntax-ns#type> <http://www.w3.org/2004/02/skos/core#ConceptScheme> .
<http://olap4ld.googlecode.com/git/OLAP4LD-trunk/tests/ssb001/ttl/example.ttl#lo_orderdateCodeList> <http://www.w3.org/1999/02/22-rdf-syntax-ns#type> <http://purl.org/linked-data/sdmx#CodeList> .
<http://olap4ld.googlecode.com/git/OLAP4LD-trunk/tests/ssb001/ttl/example.ttl#lo_orderdateCodeList> <http://www.w3.org/2000/01/rdf-schema#label> "orderdate"@en .
<http://olap4ld.googlecode.com/git/OLAP4LD-trunk/tests/ssb001/ttl/example.ttl#lo_orderdateCodeList> <http://www.w3.org/2004/02/skos/core#hasTopConcept> <http://olap4ld.googlecode.com/git/OLAP4LD-trunk/tests/ssb001/ttl/example.ttl#date_19940101> .
<http://olap4ld.googlecode.com/git/OLAP4LD-trunk/tests/ssb001/ttl/example.ttl#lo_orderdateCodeList> <http://www.w3.org/2004/02/skos/core#hasTopConcept> <http://olap4ld.googlecode.com/git/OLAP4LD-trunk/tests/ssb001/ttl/example.ttl#date_19940601> .
<http://olap4ld.googlecode.com/git/OLAP4LD-trunk/tests/ssb001/ttl/example.ttl#lo_custkeyCodeList> <http://www.w3.org/1999/02/22-rdf-syntax-ns#type> <http://www.w3.org/2004/02/skos/core#ConceptScheme> .
<http://olap4ld.googlecode.com/git/OLAP4LD-trunk/tests/ssb001/ttl/example.ttl#lo_custkeyCodeList> <http://www.w3.org/1999/02/22-rdf-syntax-ns#type> <http://purl.org/linked-data/sdmx#CodeList> .
<http://olap4ld.googlecode.com/git/OLAP4LD-trunk/tests/ssb001/ttl/example.ttl#lo_custkeyCodeList> <http://www.w3.org/2000/01/rdf-schema#label> "custkey"@en .
<http://olap4ld.googlecode.com/git/OLAP4LD-trunk/tests/ssb001/ttl/example.ttl#lo_custkeyCodeList> <http://www.w3.org/2004/02/skos/core#hasTopConcept> <http://olap4ld.googlecode.com/git/OLAP4LD-trunk/tests/ssb001/ttl/example.ttl#customer_1> .
<http://olap4ld.googlecode.com/git/OLAP4LD-trunk/tests/ssb001/ttl/example.ttl#lo_custkeyCodeList> <http://www.w3.org/2004/02/skos/core#hasTopConcept> <http://olap4ld.googlecode.com/git/OLAP4LD-trunk/tests/ssb001/ttl/example.ttl#customer_2> .
<http://olap4ld.googlecode.com/git/OLAP4LD-trunk/tests/ssb001/ttl/example.ttl#lo_partkeyCodeList> <http://www.w3.org/1999/02/22-rdf-syntax-ns#type> <http://www.w3.org/2004/02/skos/core#ConceptScheme> .
<http://olap4ld.googlecode.com/git/OLAP4LD-trunk/tests/ssb001/ttl/example.ttl#lo_partkeyCodeList> <http://www.w3.org/1999/02/22-rdf-syntax-ns#type> <http://purl.org/linked-data/sdmx#CodeList> .
<http://olap4ld.googlecode.com/git/OLAP4LD-trunk/tests/ssb001/ttl/example.ttl#lo_partkeyCodeList> <http://www.w3.org/2000/01/rdf-schema#label> "partkey"@en .
<http://olap4ld.googlecode.com/git/OLAP4LD-trunk/tests/ssb001/ttl/example.ttl#lo_partkeyCodeList> <http://www.w3.org/2004/02/skos/core#hasTopConcept> <http://olap4ld.googlecode.com/git/OLAP4LD-trunk/tests/ssb001/ttl/example.ttl#part_1> .
<http://olap4ld.googlecode.com/git/OLAP4LD-trunk/tests/ssb001/ttl/example.ttl#lo_partkeyCodeList> <http://www.w3.org/2004/02/skos/core#hasTopConcept> <http://olap4ld.googlecode.com/git/OLAP4LD-trunk/tests/ssb001/ttl/example.ttl#part_2> .
<http://olap4ld.googlecode.com/git/OLAP4LD-trunk/tests/ssb001/ttl/example.ttl#lo_suppkeyCodeList> <http://www.w3.org/1999/02/22-rdf-syntax-ns#type> <http://www.w3.org/2004/02/skos/core#ConceptScheme> .
<http://olap4ld.googlecode.com/git/OLAP4LD-trunk/tests/ssb001/ttl/example.ttl#lo_suppkeyCodeList> <http://www.w3.org/1999/02/22-rdf-syntax-ns#type> <http://purl.org/linked-data/sdmx#CodeList> .
<http://olap4ld.googlecode.com/git/OLAP4LD-trunk/tests/ssb001/ttl/example.ttl#lo_suppkeyCodeList> <http://www.w3.org/2000/01/rdf-schema#label> "supplycost"@en .
<http://olap4ld.googlecode.com/git/OLAP4LD-trunk/tests/ssb001/ttl/example.ttl#lo_suppkeyCodeList> <http://www.w3.org/2004/02/skos/core#hasTopConcept> <http://olap4ld.googlecode.com/git/OLAP4LD-trunk/tests/ssb001/ttl/example.ttl#supplier_1> .
<http://olap4ld.googlecode.com/git/OLAP4LD-trunk/tests/ssb001/ttl/example.ttl#lo_suppkeyCodeList> <http://www.w3.org/2004/02/skos/core#hasTopConcept> <http://olap4ld.googlecode.com/git/OLAP4LD-trunk/tests/ssb001/ttl/example.ttl#supplier_2> .
<http://olap4ld.googlecode.com/git/OLAP4LD-trunk/tests/ssb001/ttl/example.ttl#lineorder_1_1> <http://www.w3.org/1999/02/22-rdf-syntax-ns#type> <http://olap4ld.googlecode.com/git/OLAP4LD-trunk/tests/ssb001/ttl/example.ttl#lineorder> .
<http://olap4ld.googlecode.com/git/OLAP4LD-trunk/tests/ssb001/ttl/example.ttl#lineorder_1_1> <http://www.w3.org/1999/02/22-rdf-syntax-ns#type> <http://purl.org/linked-data/cube#Observation> .
<http://olap4ld.googlecode.com/git/OLAP4LD-trunk/tests/ssb001/ttl/example.ttl#lineorder_1_1> <http://purl.org/linked-data/cube#dataSet> <http://olap4ld.googlecode.com/git/OLAP4LD-trunk/tests/ssb001/ttl/example.ttl#ds> .
<http://olap4ld.googlecode.com/git/OLAP4LD-trunk/tests/ssb001/ttl/example.ttl#lineorder_1_1> <http://olap4ld.googlecode.com/git/OLAP4LD-trunk/tests/ssb001/ttl/example.ttl#lo_orderdate> <http://olap4ld.googlecode.com/git/OLAP4LD-trunk/tests/ssb001/ttl/example.ttl#date_19940101> .
<http://olap4ld.googlecode.com/git/OLAP4LD-trunk/tests/ssb001/ttl/example.ttl#lineorder_1_1> <http://olap4ld.googlecode.com/git/OLAP4LD-trunk/tests/ssb001/ttl/example.ttl#lo_custkey> <http://olap4ld.googlecode.com/git/OLAP4LD-trunk/tests/ssb001/ttl/example.ttl#customer_1> .
<http://olap4ld.googlecode.com/git/OLAP4LD-trunk/tests/ssb001/ttl/example.ttl#lineorder_1_1> <http://olap4ld.googlecode.com/git/OLAP4LD-trunk/tests/ssb001/ttl/example.ttl#lo_partkey> <http://olap4ld.googlecode.com/git/OLAP4LD-trunk/tests/ssb001/ttl/example.ttl#part_1> .
<http://olap4ld.googlecode.com/git/OLAP4LD-trunk/tests/ssb001/ttl/example.ttl#lineorder_1_1> <http://olap4ld.googlecode.com/git/OLAP4LD-trunk/tests/ssb001/ttl/example.ttl#lo_suppkey> <http://olap4ld.googlecode.com/git/OLAP4LD-trunk/tests/ssb001/ttl/example.ttl#supplier_1> .
<http://olap4ld.googlecode.com/git/OLAP4LD-trunk/tests/ssb001/ttl/example.ttl#lineorder_1_1> <http://olap4ld.googlecode.com/git/OLAP4LD-trunk/tests/ssb001/ttl/example.ttl#lo_quantity> "17"^^<http://www.w3.org/2001/XMLSchema#integer> .
<http://olap4ld.googlecode.com/git/OLAP4LD-trunk/tests/ssb001/ttl/example.ttl#lineorder_1_1> <http://olap4ld.googlecode.com/git/OLAP4LD-trunk/tests/ssb001/ttl/example.ttl#lo_discount> "4e0"^^<http://www.w3.org/2001/XMLSchema#double> .
<http://olap4ld.googlecode.com/git/OLAP4LD-trunk/tests/ssb001/ttl/example.ttl#lineorder_1_1> <http://olap4ld.googlecode.com/git/OLAP4LD-trunk/tests/ssb001/ttl/example.ttl#lo_extendedprice> "2471035e0"^^<http://www.w3.org/2001/XMLSchema#double> .
<http://olap4ld.googlecode.com/git/OLAP4LD-trunk/tests/ssb001/ttl/example.ttl#lineorder_1_1> <http://olap4ld.googlecode.com/git/OLAP4LD-trunk/tests/ssb001/ttl/example.ttl#lo_supplycost> "87213"^^<http://www.w3.org/2001/XMLSchema#integer> .
<http://olap4ld.googlecode.com/git/OLAP4LD-trunk/tests/ssb001/ttl/example.ttl#lineorder_1_1> <http://olap4ld.googlecode.com/git/OLAP4LD-trunk/tests/ssb001/ttl/example.ttl#lo_revenue> "2372193"^^<http://www.w3.org/2001/XMLSchema#integer> .
<http://olap4ld.googlecode.com/git/OLAP4LD-trunk/tests/ssb001/ttl/example.ttl#lineorder_1_2> <http://www.w3.org/1999/02/22-rdf-syntax-ns#type> <http://olap4ld.googlecode.com/git/OLAP4LD-trunk/tests/ssb001/ttl/example.ttl#lineorder> .
<http://olap4ld.googlecode.com/git/OLAP4LD-trunk/tests/ssb001/ttl/example.ttl#lineorder_1_2> <http://www.w3.org/1999/02/22-rdf-syntax-ns#type> <http://purl.org/linked-data/cube#Observation> .
<http://olap4ld.googlecode.com/git/OLAP4LD-trunk/tests/ssb001/ttl/example.ttl#lineorder_1_2> <http://purl.org/linked-data/cube#dataSet> <http://olap4ld.googlecode.com/git/OLAP4LD-trunk/tests/ssb001/ttl/example.ttl#ds> .
<http://olap4ld.googlecode.com/git/OLAP4LD-trunk/tests/ssb001/ttl/example.ttl#lineorder_1_2> <http://olap4ld.googlecode.com/git/OLAP4LD-trunk/tests/ssb001/ttl/example.ttl#lo_orderdate> <http://olap4ld.googlecode.com/git/OLAP4LD-trunk/tests/ssb001/ttl/example.ttl#date_19940101> .
<http://olap4ld.googlecode.com/git/OLAP4LD-trunk/tests/ssb001/ttl/example.ttl#lineorder_1_2> <http://olap4ld.googlecode.com/git/OLAP4LD-trunk/tests/ssb001/ttl/example.ttl#lo_custkey> <http://olap4ld.googlecode.com/git/OLAP4LD-trunk/tests/ssb001/ttl/example.ttl#customer_2> .
<http://olap4ld.googlecode.com/git/OLAP4LD-trunk/tests/ssb001/ttl/example.ttl#lineorder_1_2> <http://olap4ld.googlecode.com/git/OLAP4LD-trunk/tests/ssb001/ttl/example.ttl#lo_partkey> <http://olap4ld.googlecode.com/git/OLAP4LD-trunk/tests/ssb001/ttl/example.ttl#part_1> .
<http://olap4ld.googlecode.com/git/OLAP4LD-trunk/tests/ssb001/ttl/example.ttl#lineorder_1_2> <http://olap4ld.googlecode.com/git/OLAP4LD-trunk/tests/ssb001/ttl/example.ttl#lo_suppkey> <http://olap4ld.googlecode.com/git/OLAP4LD-trunk/tests/ssb001/ttl/example.ttl#supplier_1> .
<http://olap4ld.googlecode.com/git/OLAP4LD-trunk/tests/ssb001/ttl/example.ttl#lineorder_1_2> <http://olap4ld.googlecode.com/git/OLAP4LD-trunk/tests/ssb001/ttl/example.ttl#lo_quantity> "17"^^<http://www.w3.org/2001/XMLSchema#integer> .
<http://olap4ld.googlecode.com/git/OLAP4LD-trunk/tests/ssb001/ttl/example.ttl#lineorder_1_2> <http://olap4ld.googlecode.com/git/OLAP4LD-trunk/tests/ssb001/ttl/example.ttl#lo_discount> "4e0"^^<http://www.w3.org/2001/XMLSchema#double> .
<http://olap4ld.googlecode.com/git/OLAP4LD-trunk/tests/ssb001/ttl/example.ttl#lineorder_1_2> <http://olap4ld.googlecode.com/git/OLAP4LD-trunk/tests/ssb001/ttl/example.ttl#lo_extendedprice> "2471035e0"^^<http://www.w3.org/2001/XMLSchema#double> .
<http://olap4ld.googlecode.com/git/OLAP4LD-trunk/tests/ssb001/ttl/example.ttl#lineorder_1_2> <http://olap4ld.googlecode.com/git/OLAP4LD-trunk/tests/ssb001/ttl/example.ttl#lo_supplycost> "87213"^^<http://www.w3.org/2001/XMLSchema#integer> .
<http://olap4ld.googlecode.com/git/OLAP4LD-trunk/tests/ssb001/ttl/example.ttl#lineorder_1_2> <http://olap4ld.googlecode.com/git/OLAP4LD-trunk/tests/ssb001/ttl/example.ttl#lo_revenue> "2372193"^^<http://www.w3.org/2001/XMLSchema#integer> .
<http://olap4ld.googlecode.com/git/OLAP4LD-trunk/tests/ssb001/ttl/example.ttl#lineorder_1_3> <http://www.w3.org/1999/02/22-rdf-syntax-ns#type> <http://olap4ld.googlecode.com/git/OLAP4LD-trunk/tests/ssb001/ttl/example.ttl#lineorder> .
<http://olap4ld.googlecode.com/git/OLAP4LD-trunk/tests/ssb001/ttl/example.ttl#lineorder_1_3> <http://www.w3.org/1999/02/22-rdf-syntax-ns#type> <http://purl.org/linked-data/cube#Observation> .
<http://olap4ld.googlecode.com/git/OLAP4LD-trunk/tests/ssb001/ttl/example.ttl#lineorder_1_3> <http://purl.org/linked-data/cube#dataSet> <http://olap4ld.googlecode.com/git/OLAP4LD-trunk/tests/ssb001/ttl/example.ttl#ds> .
<http://olap4ld.googlecode.com/git/OLAP4LD-trunk/tests/ssb001/ttl/example.ttl#lineorder_1_3> <http://olap4ld.googlecode.com/git/OLAP4LD-trunk/tests/ssb001/ttl/example.ttl#lo_orderdate> <http://olap4ld.googlecode.com/git/OLAP4LD-trunk/tests/ssb001/ttl/example.ttl#date_19940101> .
<http://olap4ld.googlecode.com/git/OLAP4LD-trunk/tests/ssb001/ttl/example.ttl#lineorder_1_3> <http://olap4ld.googlecode.com/git/OLAP4LD-trunk/tests/ssb001/ttl/example.ttl#lo_custkey> <http://olap4ld.googlecode.com/git/OLAP4LD-trunk/tests/ssb001/ttl/example.ttl#customer_1> .
<http://olap4ld.googlecode.com/git/OLAP4LD-trunk/tests/ssb001/ttl/example.ttl#lineorder_1_3> <http://olap4ld.googlecode.com/git/OLAP4LD-trunk/tests/ssb001/ttl/example.ttl#lo_partkey> <http://olap4ld.googlecode.com/git/OLAP4LD-trunk/tests/ssb001/ttl/example.ttl#part_2> .
<http://olap4ld.googlecode.com/git/OLAP4LD-trunk/tests/ssb001/ttl/example.ttl#lineorder_1_3> <http://olap4ld.googlecode.com/git/OLAP4LD-trunk/tests/ssb001/ttl/example.ttl#lo_suppkey> <http://olap4ld.googlecode.com/git/OLAP4LD-trunk/tests/ssb001/ttl/example.ttl#supplier_1> .
<http://olap4ld.googlecode.com/git/OLAP4LD-trunk/tests/ssb001/ttl/example.ttl#lineorder_1_3> <http://olap4ld.googlecode.com/git/OLAP4LD-trunk/tests/ssb001/ttl/example.ttl#lo_quantity> "17"^^<http://www.w3.org/2001/XMLSchema#integer> .
<http://olap4ld.googlecode.com/git/OLAP4LD-trunk/tests/ssb001/ttl/example.ttl#lineorder_1_3> <http://olap4ld.googlecode.com/git/OLAP4LD-trunk/tests/ssb001/ttl/example.ttl#lo_discount> "4e0"^^<http://www.w3.org/2001/XMLSchema#double> .
<http://olap4ld.googlecode.com/git/OLAP4LD-trunk/tests/ssb001/ttl/example.ttl#lineorder_1_3> <http://olap4ld.googlecode.com/git/OLAP4LD-trunk/tests/ssb001/ttl/example.ttl#lo_extendedprice> "2471035e0"^^<http://www.w3.org/2001/XMLSchema#double> .
<http://olap4ld.googlecode.com/git/OLAP4LD-trunk/tests/ssb001/ttl/example.ttl#lineorder_1_3> <http://olap4ld.googlecode.com/git/OLAP4LD-trunk/tests/ssb001/ttl/example.ttl#lo_supplycost> "87213"^^<http://www.w3.org/2001/XMLSchema#integer> .
<http://olap4ld.googlecode.com/git/OLAP4LD-trunk/tests/ssb001/ttl/example.ttl#lineorder_1_3> <http://olap4ld.googlecode.com/git/OLAP4LD-trunk/tests/ssb001/ttl/example.ttl#lo_revenue> "2372193"^^<http://www.w3.org/2001/XMLSchema#integer> .
<http://olap4ld.googlecode.com/git/OLAP4LD-trunk/tests/ssb001/ttl/example.ttl#lineorder_1_4> <http://www.w3.org/1999/02/22-rdf-syntax-ns#type> <http://olap4ld.googlecode.com/git/OLAP4LD-trunk/tests/ssb001/ttl/example.ttl#lineorder> .
<http://olap4ld.googlecode.com/git/OLAP4LD-trunk/tests/ssb001/ttl/example.ttl#lineorder_1_4> <http://www.w3.org/1999/02/22-rdf-syntax-ns#type> <http://purl.org/linked-data/cube#Observation> .
<http://olap4ld.googlecode.com/git/OLAP4LD-trunk/tests/ssb001/ttl/example.ttl#lineorder_1_4> <http://purl.org/linked-data/cube#dataSet> <http://olap4ld.googlecode.com/git/OLAP4LD-trunk/tests/ssb001/ttl/example.ttl#ds> .
<http://olap4ld.googlecode.com/git/OLAP4LD-trunk/tests/ssb001/ttl/example.ttl#lineorder_1_4> <http://olap4ld.googlecode.com/git/OLAP4LD-trunk/tests/ssb001/ttl/example.ttl#lo_orderdate> <http://olap4ld.googlecode.com/git/OLAP4LD-trunk/tests/ssb001/ttl/example.ttl#date_19940101> .
<http://olap4ld.googlecode.com/git/OLAP4LD-trunk/tests/ssb001/ttl/example.ttl#lineorder_1_4> <http://olap4ld.googlecode.com/git/OLAP4LD-trunk/tests/ssb001/ttl/example.ttl#lo_custkey> <http://olap4ld.googlecode.com/git/OLAP4LD-trunk/tests/ssb001/ttl/example.ttl#customer_2> .
<http://olap4ld.googlecode.com/git/OLAP4LD-trunk/tests/ssb001/ttl/example.ttl#lineorder_1_4> <http://olap4ld.googlecode.com/git/OLAP4LD-trunk/tests/ssb001/ttl/example.ttl#lo_partkey> <http://olap4ld.googlecode.com/git/OLAP4LD-trunk/tests/ssb001/ttl/example.ttl#part_1> .
<http://olap4ld.googlecode.com/git/OLAP4LD-trunk/tests/ssb001/ttl/example.ttl#lineorder_1_4> <http://olap4ld.googlecode.com/git/OLAP4LD-trunk/tests/ssb001/ttl/example.ttl#lo_suppkey> <http://olap4ld.googlecode.com/git/OLAP4LD-trunk/tests/ssb001/ttl/example.ttl#supplier_2> .
<http://olap4ld.googlecode.com/git/OLAP4LD-trunk/tests/ssb001/ttl/example.ttl#lineorder_1_4> <http://olap4ld.googlecode.com/git/OLAP4LD-trunk/tests/ssb001/ttl/example.ttl#lo_quantity> "17"^^<http://www.w3.org/2001/XMLSchema#integer> .
<http://olap4ld.googlecode.com/git/OLAP4LD-trunk/tests/ssb001/ttl/example.ttl#lineorder_1_4> <http://olap4ld.googlecode.com/git/OLAP4LD-trunk/tests/ssb001/ttl/example.ttl#lo_discount> "4e0"^^<http://www.w3.org/2001/XMLSchema#double> .
<http://olap4ld.googlecode.com/git/OLAP4LD-trunk/tests/ssb001/ttl/example.ttl#lineorder_1_4> <http://olap4ld.googlecode.com/git/OLAP4LD-trunk/tests/ssb001/ttl/example.ttl#lo_extendedprice> "2471035e0"^^<http://www.w3.org/2001/XMLSchema#double> .
<http://olap4ld.googlecode.com/git/OLAP4LD-trunk/tests/ssb001/ttl/example.ttl#lineorder_1_4> <http://olap4ld.googlecode.com/git/OLAP4LD-trunk/tests/ssb001/ttl/example.ttl#lo_supplycost> "87213"^^<http://www.w3.org/2001/XMLSchema#integer> .
<http://olap4ld.googlecode.com/git/OLAP4LD-trunk/tests/ssb001/ttl/example.ttl#lineorder_1_4> <http://olap4ld.googlecode.com/git/OLAP4LD-trunk/tests/ssb001/ttl/example.ttl#lo_revenue> "2372193"^^<http://www.w3.org/2001/XMLSchema#integer> .
<http://olap4ld.googlecode.com/git/OLAP4LD-trunk/tests/ssb001/ttl/example.ttl#lineorder_1_5> <http://www.w3.org/1999/02/22-rdf-syntax-ns#type> <http://olap4ld.googlecode.com/git/OLAP4LD-trunk/tests/ssb001/ttl/example.ttl#lineorder> .
<http://olap4ld.googlecode.com/git/OLAP4LD-trunk/tests/ssb001/ttl/example.ttl#lineorder_1_5> <http://www.w3.org/1999/02/22-rdf-syntax-ns#type> <http://purl.org/linked-data/cube#Observation> .
<http://olap4ld.googlecode.com/git/OLAP4LD-trunk/tests/ssb001/ttl/example.ttl#lineorder_1_5> <http://purl.org/linked-data/cube#dataSet> <http://olap4ld.googlecode.com/git/OLAP4LD-trunk/tests/ssb001/ttl/example.ttl#ds> .
<http://olap4ld.googlecode.com/git/OLAP4LD-trunk/tests/ssb001/ttl/example.ttl#lineorder_1_5> <http://olap4ld.googlecode.com/git/OLAP4LD-trunk/tests/ssb001/ttl/example.ttl#lo_orderdate> <http://olap4ld.googlecode.com/git/OLAP4LD-trunk/tests/ssb001/ttl/example.ttl#date_19940101> .
<http://olap4ld.googlecode.com/git/OLAP4LD-trunk/tests/ssb001/ttl/example.ttl#lineorder_1_5> <http://olap4ld.googlecode.com/git/OLAP4LD-trunk/tests/ssb001/ttl/example.ttl#lo_custkey> <http://olap4ld.googlecode.com/git/OLAP4LD-trunk/tests/ssb001/ttl/example.ttl#customer_2> .
<http://olap4ld.googlecode.com/git/OLAP4LD-trunk/tests/ssb001/ttl/example.ttl#lineorder_1_5> <http://olap4ld.googlecode.com/git/OLAP4LD-trunk/tests/ssb001/ttl/example.ttl#lo_partkey> <http://olap4ld.googlecode.com/git/OLAP4LD-trunk/tests/ssb001/ttl/example.ttl#part_2> .
<http://olap4ld.googlecode.com/git/OLAP4LD-trunk/tests/ssb001/ttl/example.ttl#lineorder_1_5> <http://olap4ld.googlecode.com/git/OLAP4LD-trunk/tests/ssb001/ttl/example.ttl#lo_suppkey> <http://olap4ld.googlecode.com/git/OLAP4LD-trunk/tests/ssb001/ttl/example.ttl#supplier_2> .
<http://olap4ld.googlecode.com/git/OLAP4LD-trunk/tests/ssb001/ttl/example.ttl#lineorder_1_5> <http://olap4ld.googlecode.com/git/OLAP4LD-trunk/tests/ssb001/ttl/example.ttl#lo_quantity> "17"^^<http://www.w3.org/2001/XMLSchema#integer> .
<http://olap4ld.googlecode.com/git/OLAP4LD-trunk/tests/ssb001/ttl/example.ttl#lineorder_1_5> <http://olap4ld.googlecode.com/git/OLAP4LD-trunk/tests/ssb001/ttl/example.ttl#lo_discount> "4e0"^^<http://www.w3.org/2001/XMLSchema#double> .
<http://olap4ld.googlecode.com/git/OLAP4LD-trunk/tests/ssb001/ttl/example.ttl#lineorder_1_5> <http://olap4ld.googlecode.com/git/OLAP4LD-trunk/tests/ssb001/ttl/example.ttl#lo_extendedprice> "2471035e0"^^<http://www.w3.org/2001/XMLSchema#double> .
<http://olap4ld.googlecode.com/git/OLAP4LD-trunk/tests/ssb001/ttl/example.ttl#lineorder_1_5> <http://olap4ld.googlecode.com/git/OLAP4LD-trunk/tests/ssb001/ttl/example.ttl#lo_supplycost> "87213"^^<http://www.w3.org/2001/XMLSchema#integer> .
<http://olap4ld.googlecode.com/git/OLAP4LD-trunk/tests/ssb001/ttl/example.ttl#lineorder_1_5> <http://olap4ld.googlecode.com/git/OLAP4LD-trunk/tests/ssb001/ttl/example.ttl#lo_revenue> "2372193"^^<http://www.w3.org/2001/XMLSchema#integer> .

Sep 25, 2013 9:07:09 AM org.olap4j.driver.olap4ld.linkeddata.EmbeddedSesameEngine loadInStore
CONFIG: Size of loaded data: select (count(?s) as ?count) where {?s ?p ?o}
Sep 25, 2013 9:07:09 AM org.olap4j.driver.olap4ld.linkeddata.EmbeddedSesameEngine sparql
CONFIG: SPARQL query: select (count(?s) as ?count) where {?s ?p ?o}
Sep 25, 2013 9:07:09 AM org.olap4j.driver.olap4ld.helper.Olap4ldLinkedDataUtil transformSparqlXmlToNx
CONFIG: ...applying xslt to transform xml to nx...
Sep 25, 2013 9:07:09 AM org.olap4j.driver.olap4ld.linkeddata.EmbeddedSesameEngine sparql
CONFIG: NX output: ?count .
"153"^^<http://www.w3.org/2001/XMLSchema#integer> .

Sep 25, 2013 9:07:09 AM org.olap4j.driver.olap4ld.linkeddata.EmbeddedSesameEngine sparql
CONFIG: SPARQL query: PREFIX qb: <http://purl.org/linked-data/cube#> SELECT ?dsd WHERE {<http://olap4ld.googlecode.com/git/OLAP4LD-trunk/tests/ssb001/ttl/example.ttl#ds> qb:structure ?dsd}
Sep 25, 2013 9:07:09 AM org.olap4j.driver.olap4ld.helper.Olap4ldLinkedDataUtil transformSparqlXmlToNx
CONFIG: ...applying xslt to transform xml to nx...
Sep 25, 2013 9:07:09 AM org.olap4j.driver.olap4ld.linkeddata.EmbeddedSesameEngine sparql
CONFIG: NX output: ?dsd .
<http://olap4ld.googlecode.com/git/OLAP4LD-trunk/tests/ssb001/ttl/example.ttl#dsd> .

Sep 25, 2013 9:07:09 AM org.olap4j.driver.olap4ld.linkeddata.EmbeddedSesameEngine askForLocation
CONFIG: Ask for location: http://olap4ld.googlecode.com/git/OLAP4LD-trunk/tests/ssb001/ttl/example.ttl#dsd...
Sep 25, 2013 9:07:09 AM org.olap4j.driver.olap4ld.linkeddata.EmbeddedSesameEngine askForLocation
CONFIG: ... result: http://olap4ld.googlecode.com/git/OLAP4LD-trunk/tests/ssb001/ttl/example.ttl
Sep 25, 2013 9:07:09 AM org.olap4j.driver.olap4ld.linkeddata.EmbeddedSesameEngine sparql
CONFIG: SPARQL query: PREFIX qb: <http://purl.org/linked-data/cube#> SELECT ?measure WHERE {<http://olap4ld.googlecode.com/git/OLAP4LD-trunk/tests/ssb001/ttl/example.ttl#ds> qb:structure ?dsd. ?dsd qb:component ?comp. ?comp qb:measure ?measure}
Sep 25, 2013 9:07:09 AM org.olap4j.driver.olap4ld.helper.Olap4ldLinkedDataUtil transformSparqlXmlToNx
CONFIG: ...applying xslt to transform xml to nx...
Sep 25, 2013 9:07:09 AM org.olap4j.driver.olap4ld.linkeddata.EmbeddedSesameEngine sparql
CONFIG: NX output: ?measure .
<http://olap4ld.googlecode.com/git/OLAP4LD-trunk/tests/ssb001/ttl/example.ttl#lo_quantity> .
<http://olap4ld.googlecode.com/git/OLAP4LD-trunk/tests/ssb001/ttl/example.ttl#lo_discount> .
<http://olap4ld.googlecode.com/git/OLAP4LD-trunk/tests/ssb001/ttl/example.ttl#lo_extendedprice> .
<http://olap4ld.googlecode.com/git/OLAP4LD-trunk/tests/ssb001/ttl/example.ttl#lo_revenue> .
<http://olap4ld.googlecode.com/git/OLAP4LD-trunk/tests/ssb001/ttl/example.ttl#lo_supplycost> .

Sep 25, 2013 9:07:09 AM org.olap4j.driver.olap4ld.linkeddata.EmbeddedSesameEngine askForLocation
CONFIG: Ask for location: http://olap4ld.googlecode.com/git/OLAP4LD-trunk/tests/ssb001/ttl/example.ttl#lo_quantity...
Sep 25, 2013 9:07:09 AM org.olap4j.driver.olap4ld.linkeddata.EmbeddedSesameEngine askForLocation
CONFIG: ... result: http://olap4ld.googlecode.com/git/OLAP4LD-trunk/tests/ssb001/ttl/example.ttl
Sep 25, 2013 9:07:09 AM org.olap4j.driver.olap4ld.linkeddata.EmbeddedSesameEngine askForLocation
CONFIG: Ask for location: http://olap4ld.googlecode.com/git/OLAP4LD-trunk/tests/ssb001/ttl/example.ttl#lo_discount...
Sep 25, 2013 9:07:09 AM org.olap4j.driver.olap4ld.linkeddata.EmbeddedSesameEngine askForLocation
CONFIG: ... result: http://olap4ld.googlecode.com/git/OLAP4LD-trunk/tests/ssb001/ttl/example.ttl
Sep 25, 2013 9:07:09 AM org.olap4j.driver.olap4ld.linkeddata.EmbeddedSesameEngine askForLocation
CONFIG: Ask for location: http://olap4ld.googlecode.com/git/OLAP4LD-trunk/tests/ssb001/ttl/example.ttl#lo_extendedprice...
Sep 25, 2013 9:07:09 AM org.olap4j.driver.olap4ld.linkeddata.EmbeddedSesameEngine askForLocation
CONFIG: ... result: http://olap4ld.googlecode.com/git/OLAP4LD-trunk/tests/ssb001/ttl/example.ttl
Sep 25, 2013 9:07:09 AM org.olap4j.driver.olap4ld.linkeddata.EmbeddedSesameEngine askForLocation
CONFIG: Ask for location: http://olap4ld.googlecode.com/git/OLAP4LD-trunk/tests/ssb001/ttl/example.ttl#lo_revenue...
Sep 25, 2013 9:07:09 AM org.olap4j.driver.olap4ld.linkeddata.EmbeddedSesameEngine askForLocation
CONFIG: ... result: http://olap4ld.googlecode.com/git/OLAP4LD-trunk/tests/ssb001/ttl/example.ttl
Sep 25, 2013 9:07:09 AM org.olap4j.driver.olap4ld.linkeddata.EmbeddedSesameEngine askForLocation
CONFIG: Ask for location: http://olap4ld.googlecode.com/git/OLAP4LD-trunk/tests/ssb001/ttl/example.ttl#lo_supplycost...
Sep 25, 2013 9:07:09 AM org.olap4j.driver.olap4ld.linkeddata.EmbeddedSesameEngine askForLocation
CONFIG: ... result: http://olap4ld.googlecode.com/git/OLAP4LD-trunk/tests/ssb001/ttl/example.ttl
Sep 25, 2013 9:07:09 AM org.olap4j.driver.olap4ld.linkeddata.EmbeddedSesameEngine sparql
CONFIG: SPARQL query: PREFIX qb: <http://purl.org/linked-data/cube#> SELECT ?dimension WHERE {<http://olap4ld.googlecode.com/git/OLAP4LD-trunk/tests/ssb001/ttl/example.ttl#ds> qb:structure ?dsd. ?dsd qb:component ?comp. ?comp qb:dimension ?dimension}
Sep 25, 2013 9:07:09 AM org.olap4j.driver.olap4ld.helper.Olap4ldLinkedDataUtil transformSparqlXmlToNx
CONFIG: ...applying xslt to transform xml to nx...
Sep 25, 2013 9:07:09 AM org.olap4j.driver.olap4ld.linkeddata.EmbeddedSesameEngine sparql
CONFIG: NX output: ?dimension .
<http://olap4ld.googlecode.com/git/OLAP4LD-trunk/tests/ssb001/ttl/example.ttl#lo_orderdate> .
<http://olap4ld.googlecode.com/git/OLAP4LD-trunk/tests/ssb001/ttl/example.ttl#lo_custkey> .
<http://olap4ld.googlecode.com/git/OLAP4LD-trunk/tests/ssb001/ttl/example.ttl#lo_partkey> .
<http://olap4ld.googlecode.com/git/OLAP4LD-trunk/tests/ssb001/ttl/example.ttl#lo_suppkey> .

Sep 25, 2013 9:07:09 AM org.olap4j.driver.olap4ld.linkeddata.EmbeddedSesameEngine askForLocation
CONFIG: Ask for location: http://olap4ld.googlecode.com/git/OLAP4LD-trunk/tests/ssb001/ttl/example.ttl#lo_orderdate...
Sep 25, 2013 9:07:09 AM org.olap4j.driver.olap4ld.linkeddata.EmbeddedSesameEngine askForLocation
CONFIG: ... result: http://olap4ld.googlecode.com/git/OLAP4LD-trunk/tests/ssb001/ttl/example.ttl
Sep 25, 2013 9:07:09 AM org.olap4j.driver.olap4ld.linkeddata.EmbeddedSesameEngine askForLocation
CONFIG: Ask for location: http://olap4ld.googlecode.com/git/OLAP4LD-trunk/tests/ssb001/ttl/example.ttl#lo_custkey...
Sep 25, 2013 9:07:09 AM org.olap4j.driver.olap4ld.linkeddata.EmbeddedSesameEngine askForLocation
CONFIG: ... result: http://olap4ld.googlecode.com/git/OLAP4LD-trunk/tests/ssb001/ttl/example.ttl
Sep 25, 2013 9:07:09 AM org.olap4j.driver.olap4ld.linkeddata.EmbeddedSesameEngine askForLocation
CONFIG: Ask for location: http://olap4ld.googlecode.com/git/OLAP4LD-trunk/tests/ssb001/ttl/example.ttl#lo_partkey...
Sep 25, 2013 9:07:09 AM org.olap4j.driver.olap4ld.linkeddata.EmbeddedSesameEngine askForLocation
CONFIG: ... result: http://olap4ld.googlecode.com/git/OLAP4LD-trunk/tests/ssb001/ttl/example.ttl
Sep 25, 2013 9:07:09 AM org.olap4j.driver.olap4ld.linkeddata.EmbeddedSesameEngine askForLocation
CONFIG: Ask for location: http://olap4ld.googlecode.com/git/OLAP4LD-trunk/tests/ssb001/ttl/example.ttl#lo_suppkey...
Sep 25, 2013 9:07:09 AM org.olap4j.driver.olap4ld.linkeddata.EmbeddedSesameEngine askForLocation
CONFIG: ... result: http://olap4ld.googlecode.com/git/OLAP4LD-trunk/tests/ssb001/ttl/example.ttl
Sep 25, 2013 9:07:09 AM org.olap4j.driver.olap4ld.linkeddata.EmbeddedSesameEngine sparql
CONFIG: SPARQL query: PREFIX qb: <http://purl.org/linked-data/cube#> SELECT ?codelist WHERE {<http://olap4ld.googlecode.com/git/OLAP4LD-trunk/tests/ssb001/ttl/example.ttl#ds> qb:structure ?dsd. ?dsd qb:component ?comp. ?comp qb:dimension ?dimension. ?dimension qb:codeList ?codelist}
Sep 25, 2013 9:07:09 AM org.olap4j.driver.olap4ld.helper.Olap4ldLinkedDataUtil transformSparqlXmlToNx
CONFIG: ...applying xslt to transform xml to nx...
Sep 25, 2013 9:07:09 AM org.olap4j.driver.olap4ld.linkeddata.EmbeddedSesameEngine sparql
CONFIG: NX output: ?codelist .
<http://olap4ld.googlecode.com/git/OLAP4LD-trunk/tests/ssb001/ttl/example.ttl#lo_orderdateCodeList> .
<http://olap4ld.googlecode.com/git/OLAP4LD-trunk/tests/ssb001/ttl/example.ttl#lo_custkeyCodeList> .
<http://olap4ld.googlecode.com/git/OLAP4LD-trunk/tests/ssb001/ttl/example.ttl#lo_partkeyCodeList> .
<http://olap4ld.googlecode.com/git/OLAP4LD-trunk/tests/ssb001/ttl/example.ttl#lo_suppkeyCodeList> .

Sep 25, 2013 9:07:09 AM org.olap4j.driver.olap4ld.linkeddata.EmbeddedSesameEngine askForLocation
CONFIG: Ask for location: http://olap4ld.googlecode.com/git/OLAP4LD-trunk/tests/ssb001/ttl/example.ttl#lo_orderdateCodeList...
Sep 25, 2013 9:07:09 AM org.olap4j.driver.olap4ld.linkeddata.EmbeddedSesameEngine askForLocation
CONFIG: ... result: http://olap4ld.googlecode.com/git/OLAP4LD-trunk/tests/ssb001/ttl/example.ttl
Sep 25, 2013 9:07:09 AM org.olap4j.driver.olap4ld.linkeddata.EmbeddedSesameEngine askForLocation
CONFIG: Ask for location: http://olap4ld.googlecode.com/git/OLAP4LD-trunk/tests/ssb001/ttl/example.ttl#lo_custkeyCodeList...
Sep 25, 2013 9:07:09 AM org.olap4j.driver.olap4ld.linkeddata.EmbeddedSesameEngine askForLocation
CONFIG: ... result: http://olap4ld.googlecode.com/git/OLAP4LD-trunk/tests/ssb001/ttl/example.ttl
Sep 25, 2013 9:07:09 AM org.olap4j.driver.olap4ld.linkeddata.EmbeddedSesameEngine askForLocation
CONFIG: Ask for location: http://olap4ld.googlecode.com/git/OLAP4LD-trunk/tests/ssb001/ttl/example.ttl#lo_partkeyCodeList...
Sep 25, 2013 9:07:09 AM org.olap4j.driver.olap4ld.linkeddata.EmbeddedSesameEngine askForLocation
CONFIG: ... result: http://olap4ld.googlecode.com/git/OLAP4LD-trunk/tests/ssb001/ttl/example.ttl
Sep 25, 2013 9:07:09 AM org.olap4j.driver.olap4ld.linkeddata.EmbeddedSesameEngine askForLocation
CONFIG: Ask for location: http://olap4ld.googlecode.com/git/OLAP4LD-trunk/tests/ssb001/ttl/example.ttl#lo_suppkeyCodeList...
Sep 25, 2013 9:07:09 AM org.olap4j.driver.olap4ld.linkeddata.EmbeddedSesameEngine askForLocation
CONFIG: ... result: http://olap4ld.googlecode.com/git/OLAP4LD-trunk/tests/ssb001/ttl/example.ttl
Sep 25, 2013 9:07:09 AM org.olap4j.driver.olap4ld.linkeddata.EmbeddedSesameEngine runNormalizationAlgorithm
INFO: Run normalization algorithm...
Sep 25, 2013 9:07:09 AM org.olap4j.driver.olap4ld.linkeddata.EmbeddedSesameEngine checkIntegrityConstraints
INFO: Run integrity constraints...
Sep 25, 2013 9:07:09 AM org.olap4j.driver.olap4ld.linkeddata.EmbeddedSesameEngine checkIntegrityConstraints
WARNING: Integrity constraints overview: Successful specification check: IC-1. Unique DataSet. Every qb:Observation has exactly one associated qb:DataSet. 
Successful specification check: IC-2. Unique DSD. Every qb:DataSet has exactly one associated qb:DataStructureDefinition. 
Successful specification check: IC-3. DSD includes measure. Every qb:DataStructureDefinition must include at least one declared measure. 
Successful specification check: IC-4. Dimensions have range. Every dimension declared in a qb:DataStructureDefinition must have a declared rdfs:range. 
Successful specification check: IC-5. Concept dimensions have code lists. Every dimension with range skos:Concept must have a qb:codeList.  
Successful specification check: IC-6. Only attributes may be optional. The only components of a qb:DataStructureDefinition that may be marked as optional, using qb:componentRequired are attributes. 
Successful specification check: IC-7. Slice Keys must be declared. Every qb:SliceKey must be associated with a qb:DataStructureDefinition. 
Successful specification check: IC-8. Slice Keys consistent with DSD. Every qb:componentProperty on a qb:SliceKey must also be declared as a qb:component of the associated qb:DataStructureDefinition.  
Successful specification check: IC-9. Unique slice structure. Each qb:Slice must have exactly one associated qb:sliceStructure.  
Successful specification check: IC-10. Slice dimensions complete. Every qb:Slice must have a value for every dimension declared in its qb:sliceStructure. 
Successful specification check: IC-11. All dimensions required. Every qb:Observation has a value for each dimension declared in its associated qb:DataStructureDefinition.  
Successful specification check: IC-12. No duplicate observations. No two qb:Observations in the same qb:DataSet may have the same value for all dimensions. 
Successful specification check: IC-13. Required attributes. Every qb:Observation has a value for each declared attribute that is marked as required.  
Successful specification check: IC-14. All measures present. In a qb:DataSet which does not use a Measure dimension then each individual qb:Observation must have a value for every declared measure. 
Successful specification check: IC-15. Measure dimension consistent. In a qb:DataSet which uses a Measure dimension then each qb:Observation must have a value for the measure corresponding to its given qb:measureType. 
Successful specification check: IC-16. Single measure on measure dimension observation. In a qb:DataSet which uses a Measure dimension then each qb:Observation must only have a value for one measure (by IC-15 this will be the measure corresponding to its qb:measureType).  
Successful specification check: IC-17. All measures present in measures dimension cube. In a qb:DataSet which uses a Measure dimension then if there is a Observation for some combination of non-measure dimensions then there must be other Observations with the same non-measure dimension values for each of the declared measures. 
Successful specification check: IC-18. If a qb:DataSet D has a qb:slice S, and S has an qb:observation O, then the qb:dataSet corresponding to O must be D.  
Failed specification check: IC-19. If a dimension property has a qb:codeList, then the value of the dimension property on every qb:Observation must be in the code list.   

